[debug] [2024-09-28T05:23:19.162Z] ----------------------------------------------------------------------
[debug] [2024-09-28T05:23:19.167Z] Command:       C:\Program Files\nodejs\node.exe C:\Users\suchi\AppData\Roaming\npm\node_modules\firebase-tools\lib\bin\firebase.js init hosting
[debug] [2024-09-28T05:23:19.168Z] CLI Version:   13.19.0
[debug] [2024-09-28T05:23:19.168Z] Platform:      win32
[debug] [2024-09-28T05:23:19.168Z] Node Version:  v20.16.0
[debug] [2024-09-28T05:23:19.168Z] Time:          Sat Sep 28 2024 10:53:19 GMT+0530 (India Standard Time)
[debug] [2024-09-28T05:23:19.169Z] ----------------------------------------------------------------------
[debug] 
[debug] [2024-09-28T05:23:19.177Z] >>> [apiv2][query] GET https://firebase-public.firebaseio.com/cli.json [none]
[debug] [2024-09-28T05:23:19.250Z] > command requires scopes: ["email","openid","https://www.googleapis.com/auth/cloudplatformprojects.readonly","https://www.googleapis.com/auth/firebase","https://www.googleapis.com/auth/cloud-platform"]
[debug] [2024-09-28T05:23:19.251Z] > authorizing via signed-in user (suchit2667@gmail.com)
[info] 
     ######## #### ########  ######## ########     ###     ######  ########
     ##        ##  ##     ## ##       ##     ##  ##   ##  ##       ##
     ######    ##  ########  ######   ########  #########  ######  ######
     ##        ##  ##    ##  ##       ##     ## ##     ##       ## ##
     ##       #### ##     ## ######## ########  ##     ##  ######  ########

You're about to initialize a Firebase project in this directory:

  C:\Coding\try_pro\ai-fusion-event

Before we get started, keep in mind:

  * You are currently outside your home directory

[debug] [2024-09-28T05:23:20.603Z] <<< [apiv2][status] GET https://firebase-public.firebaseio.com/cli.json 200
[debug] [2024-09-28T05:23:20.604Z] <<< [apiv2][body] GET https://firebase-public.firebaseio.com/cli.json {"cloudBuildErrorAfter":1594252800000,"cloudBuildWarnAfter":1590019200000,"defaultNode10After":1594252800000,"minVersion":"3.0.5","node8DeploysDisabledAfter":1613390400000,"node8RuntimeDisabledAfter":1615809600000,"node8WarnAfter":1600128000000}
[info] 
=== Project Setup
[info] 
[info] First, let's associate this project directory with a Firebase project.
[info] You can create multiple project aliases by running firebase use --add, 
[info] but for now we'll just set up a default project.
[info] 
[debug] [2024-09-28T05:24:04.352Z] Using project from CLI flag: aifusion-62507
[debug] [2024-09-28T05:24:04.354Z] > refreshing access token with scopes: []
[debug] [2024-09-28T05:24:04.355Z] >>> [apiv2][query] POST https://www.googleapis.com/oauth2/v3/token [none]
[debug] [2024-09-28T05:24:04.355Z] >>> [apiv2][body] POST https://www.googleapis.com/oauth2/v3/token [omitted]
[debug] [2024-09-28T05:24:04.751Z] <<< [apiv2][status] POST https://www.googleapis.com/oauth2/v3/token 200
[debug] [2024-09-28T05:24:04.752Z] <<< [apiv2][body] POST https://www.googleapis.com/oauth2/v3/token [omitted]
[debug] [2024-09-28T05:24:04.762Z] >>> [apiv2][query] GET https://firebase.googleapis.com/v1beta1/projects/aifusion-62507 [none]
[debug] [2024-09-28T05:24:05.445Z] <<< [apiv2][status] GET https://firebase.googleapis.com/v1beta1/projects/aifusion-62507 200
[debug] [2024-09-28T05:24:05.445Z] <<< [apiv2][body] GET https://firebase.googleapis.com/v1beta1/projects/aifusion-62507 {"projectId":"aifusion-62507","projectNumber":"695641932909","displayName":"aifusion","name":"projects/aifusion-62507","resources":{"hostingSite":"aifusion-62507"},"state":"ACTIVE","etag":"1_c9fbb92a-d78f-4f60-a086-52d190f0ce11"}
[info] i  Using project aifusion-62507 (aifusion) 
[info] 
=== Hosting Setup
[debug] [2024-09-28T05:24:05.458Z] >>> [apiv2][query] GET https://firebase.googleapis.com/v1beta1/projects/aifusion-62507 [none]
[debug] [2024-09-28T05:24:06.062Z] <<< [apiv2][status] GET https://firebase.googleapis.com/v1beta1/projects/aifusion-62507 200
[debug] [2024-09-28T05:24:06.063Z] <<< [apiv2][body] GET https://firebase.googleapis.com/v1beta1/projects/aifusion-62507 {"projectId":"aifusion-62507","projectNumber":"695641932909","displayName":"aifusion","name":"projects/aifusion-62507","resources":{"hostingSite":"aifusion-62507"},"state":"ACTIVE","etag":"1_c9fbb92a-d78f-4f60-a086-52d190f0ce11"}
[info] 
[info] Your public directory is the folder (relative to your project directory) that
[info] will contain Hosting assets to be uploaded with firebase deploy. If you
[info] have a build process for your assets, use your build's output directory.
[info] 
[debug] [2024-09-28T05:24:36.250Z] >>> [apiv2][query] GET https://www.gstatic.com/firebasejs/releases.json [none]
[debug] [2024-09-28T05:24:36.570Z] <<< [apiv2][status] GET https://www.gstatic.com/firebasejs/releases.json 200
[debug] [2024-09-28T05:24:36.571Z] <<< [apiv2][body] GET https://www.gstatic.com/firebasejs/releases.json {"current":{"version":"10.13.2","browserURL":"https://www.gstatic.com/firebasejs/10.13.2/firebase.js","packageURL":"https://www.gstatic.com/firebasejs/10.13.2/firebase.tgz"},"live":{"version":"10.13","browserURL":"https://www.gstatic.com/firebasejs/live/10.13/firebase.js","packageURL":"https://www.gstatic.com/firebasejs/live/10.13/firebase.tgz"},"components":{"analytics":"https://www.gstatic.com/firebasejs/10.13.2/firebase-analytics.js","app":"https://www.gstatic.com/firebasejs/10.13.2/firebase-app.js","app-check":"https://www.gstatic.com/firebasejs/10.13.2/firebase-app-check.js","auth":"https://www.gstatic.com/firebasejs/10.13.2/firebase-auth.js","auth/cordova":"https://www.gstatic.com/firebasejs/10.13.2/firebase-auth/cordova.js","auth/web-extension":"https://www.gstatic.com/firebasejs/10.13.2/firebase-auth/web-extension.js","functions":"https://www.gstatic.com/firebasejs/10.13.2/firebase-functions.js","firestore":"https://www.gstatic.com/firebasejs/10.13.2/firebase-firestore.js","firestore/lite":"https://www.gstatic.com/firebasejs/10.13.2/firebase-firestore/lite.js","installations":"https://www.gstatic.com/firebasejs/10.13.2/firebase-installations.js","storage":"https://www.gstatic.com/firebasejs/10.13.2/firebase-storage.js","performance":"https://www.gstatic.com/firebasejs/10.13.2/firebase-performance.js","remote-config":"https://www.gstatic.com/firebasejs/10.13.2/firebase-remote-config.js","messaging":"https://www.gstatic.com/firebasejs/10.13.2/firebase-messaging.js","messaging/sw":"https://www.gstatic.com/firebasejs/10.13.2/firebase-messaging/sw.js","database":"https://www.gstatic.com/firebasejs/10.13.2/firebase-database.js","vertexai-preview":"https://www.gstatic.com/firebasejs/10.13.2/firebase-vertexai-preview.js","firestore.memory":"https://www.gstatic.com/firebasejs/10.13.2/firebase-firestore.memory.js"}}
[info] +  Wrote y/index.html 
[info] 
[info] i  Didn't detect a .git folder. Assuming C:\Coding\try_pro\ai-fusion-event is the project root. 
[info] i  Authorizing with GitHub to upload your service account to a GitHub repository's secrets store. 
[info] 
[info] Visit this URL on this device to log in:
[info] https://github.com/login/oauth/authorize?client_id=89cf50f02ac6aaed3484&state=1062360273&redirect_uri=http%3A%2F%2Flocalhost%3A9005&scope=read%3Auser%20repo%20public_repo
[info] 
[info] Waiting for authentication...
[debug] [2024-09-28T05:25:14.003Z] >>> [apiv2][query] POST https://github.com/login/oauth/access_token [none]
[debug] [2024-09-28T05:25:14.004Z] >>> [apiv2][body] POST https://github.com/login/oauth/access_token [stream]
[debug] [2024-09-28T05:25:14.597Z] <<< [apiv2][status] POST https://github.com/login/oauth/access_token 200
[debug] [2024-09-28T05:25:14.597Z] <<< [apiv2][body] POST https://github.com/login/oauth/access_token {"access_token":"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","token_type":"bearer","scope":"read:user,repo"}
[debug] [2024-09-28T05:25:14.609Z] >>> [apiv2][query] GET https://api.github.com/user [none]
[debug] [2024-09-28T05:25:15.072Z] <<< [apiv2][status] GET https://api.github.com/user 200
[debug] [2024-09-28T05:25:15.072Z] <<< [apiv2][body] GET https://api.github.com/user {"login":"SuchitHubale","id":165210315,"node_id":"U_kgDOCdjoyw","avatar_url":"https://avatars.githubusercontent.com/u/165210315?v=4","gravatar_id":"","url":"https://api.github.com/users/SuchitHubale","html_url":"https://github.com/SuchitHubale","followers_url":"https://api.github.com/users/SuchitHubale/followers","following_url":"https://api.github.com/users/SuchitHubale/following{/other_user}","gists_url":"https://api.github.com/users/SuchitHubale/gists{/gist_id}","starred_url":"https://api.github.com/users/SuchitHubale/starred{/owner}{/repo}","subscriptions_url":"https://api.github.com/users/SuchitHubale/subscriptions","organizations_url":"https://api.github.com/users/SuchitHubale/orgs","repos_url":"https://api.github.com/users/SuchitHubale/repos","events_url":"https://api.github.com/users/SuchitHubale/events{/privacy}","received_events_url":"https://api.github.com/users/SuchitHubale/received_events","type":"User","site_admin":false,"name":null,"company":null,"blog":"","location":null,"email":null,"hireable":null,"bio":null,"twitter_username":null,"notification_email":null,"public_repos":3,"public_gists":0,"followers":0,"following":0,"created_at":"2024-03-27T19:57:22Z","updated_at":"2024-07-20T09:45:42Z","private_gists":0,"total_private_repos":0,"owned_private_repos":0,"disk_usage":1723,"collaborators":0,"two_factor_authentication":false,"plan":{"name":"free","space":976562499,"collaborators":0,"private_repos":10000}}
[info] 
[info] +  Success! Logged into GitHub as SuchitHubale 
[info] 
